Logfile initialized
[INFO] logfile = /Users/Sushant/Documents/Sushant/sf/source/StylFlip/build.log
[DEBUG] /Users/Sushant/Library/Application Support/Titanium/mobilesdk/osx/3.1.3.GA/android/builder.py install StylFlip /Users/Sushant/Documents/adt-bundle-mac-x86_64-20140321/sdk /Users/Sushant/Documents/Sushant/sf/source/StylFlip com.oabtesting.StylFlip 1
[INFO] Titanium SDK version: 3.1.3 (09/18/13 12:00 222f4d1)
[DEBUG] Waiting for device to be ready ...
[TRACE] adb devices returned 1 devices/emulators
[DEBUG] Device connected... (waited 0 seconds)
[DEBUG] waited 0.024078 seconds on emulator to get ready
[DEBUG] com.oabtesting.StylFlip installed? False
[INFO] Copying CommonJS modules...
[INFO] Copying project resources..
[INFO] Detected change in tiapp.xml, or assets deleted. Forcing full re-build...
[TRACE] COPYING CREATED FILE: /Users/Sushant/Documents/Sushant/sf/source/StylFlip/Resources/android/appicon.png => /Users/Sushant/Documents/Sushant/sf/source/StylFlip/build/android/bin/assets/Resources/appicon.png
[TRACE] COPYING CREATED FILE: /Users/Sushant/Documents/Sushant/sf/source/StylFlip/Resources/android/default.png => /Users/Sushant/Documents/Sushant/sf/source/StylFlip/build/android/bin/assets/Resources/default.png
[TRACE] COPYING CREATED FILE: /Users/Sushant/Documents/Sushant/sf/source/StylFlip/Resources/android/images/common/arrow-left.png => /Users/Sushant/Documents/Sushant/sf/source/StylFlip/build/android/bin/assets/Resources/images/common/arrow-left.png
[TRACE] COPYING CREATED FILE: /Users/Sushant/Documents/Sushant/sf/source/StylFlip/Resources/android/images/common/arrow-right.png => /Users/Sushant/Documents/Sushant/sf/source/StylFlip/build/android/bin/assets/Resources/images/common/arrow-right.png
[TRACE] COPYING CREATED FILE: /Users/Sushant/Documents/Sushant/sf/source/StylFlip/Resources/android/images/common/comment-active.png => /Users/Sushant/Documents/Sushant/sf/source/StylFlip/build/android/bin/assets/Resources/images/common/comment-active.png
[TRACE] COPYING CREATED FILE: /Users/Sushant/Documents/Sushant/sf/source/StylFlip/Resources/android/images/common/comment.png => /Users/Sushant/Documents/Sushant/sf/source/StylFlip/build/android/bin/assets/Resources/images/common/comment.png
[TRACE] COPYING CREATED FILE: /Users/Sushant/Documents/Sushant/sf/source/StylFlip/Resources/android/images/common/edit-profile.png => /Users/Sushant/Documents/Sushant/sf/source/StylFlip/build/android/bin/assets/Resources/images/common/edit-profile.png
[TRACE] COPYING CREATED FILE: /Users/Sushant/Documents/Sushant/sf/source/StylFlip/Resources/android/images/common/follow-active.png => /Users/Sushant/Documents/Sushant/sf/source/StylFlip/build/android/bin/assets/Resources/images/common/follow-active.png
[TRACE] COPYING CREATED FILE: /Users/Sushant/Documents/Sushant/sf/source/StylFlip/Resources/android/images/common/follow.png => /Users/Sushant/Documents/Sushant/sf/source/StylFlip/build/android/bin/assets/Resources/images/common/follow.png
[TRACE] COPYING CREATED FILE: /Users/Sushant/Documents/Sushant/sf/source/StylFlip/Resources/android/images/common/like-active.png => /Users/Sushant/Documents/Sushant/sf/source/StylFlip/build/android/bin/assets/Resources/images/common/like-active.png
[TRACE] COPYING CREATED FILE: /Users/Sushant/Documents/Sushant/sf/source/StylFlip/Resources/android/images/common/like.png => /Users/Sushant/Documents/Sushant/sf/source/StylFlip/build/android/bin/assets/Resources/images/common/like.png
[TRACE] COPYING CREATED FILE: /Users/Sushant/Documents/Sushant/sf/source/StylFlip/Resources/android/images/common/profile-icon.png => /Users/Sushant/Documents/Sushant/sf/source/StylFlip/build/android/bin/assets/Resources/images/common/profile-icon.png
[TRACE] COPYING CREATED FILE: /Users/Sushant/Documents/Sushant/sf/source/StylFlip/Resources/android/images/common/tag-active.png => /Users/Sushant/Documents/Sushant/sf/source/StylFlip/build/android/bin/assets/Resources/images/common/tag-active.png
[TRACE] COPYING CREATED FILE: /Users/Sushant/Documents/Sushant/sf/source/StylFlip/Resources/android/images/common/tag.png => /Users/Sushant/Documents/Sushant/sf/source/StylFlip/build/android/bin/assets/Resources/images/common/tag.png
[TRACE] COPYING CREATED FILE: /Users/Sushant/Documents/Sushant/sf/source/StylFlip/Resources/android/images/footer/sell-active.png => /Users/Sushant/Documents/Sushant/sf/source/StylFlip/build/android/bin/assets/Resources/images/footer/sell-active.png
[TRACE] COPYING CREATED FILE: /Users/Sushant/Documents/Sushant/sf/source/StylFlip/Resources/android/images/footer/sell.png => /Users/Sushant/Documents/Sushant/sf/source/StylFlip/build/android/bin/assets/Resources/images/footer/sell.png
[TRACE] COPYING CREATED FILE: /Users/Sushant/Documents/Sushant/sf/source/StylFlip/Resources/android/images/footer/shop-active.png => /Users/Sushant/Documents/Sushant/sf/source/StylFlip/build/android/bin/assets/Resources/images/footer/shop-active.png
[TRACE] COPYING CREATED FILE: /Users/Sushant/Documents/Sushant/sf/source/StylFlip/Resources/android/images/footer/shop.png => /Users/Sushant/Documents/Sushant/sf/source/StylFlip/build/android/bin/assets/Resources/images/footer/shop.png
[TRACE] COPYING CREATED FILE: /Users/Sushant/Documents/Sushant/sf/source/StylFlip/Resources/android/images/footer/social-active.png => /Users/Sushant/Documents/Sushant/sf/source/StylFlip/build/android/bin/assets/Resources/images/footer/social-active.png
[TRACE] COPYING CREATED FILE: /Users/Sushant/Documents/Sushant/sf/source/StylFlip/Resources/android/images/footer/social.png => /Users/Sushant/Documents/Sushant/sf/source/StylFlip/build/android/bin/assets/Resources/images/footer/social.png
[TRACE] COPYING CREATED FILE: /Users/Sushant/Documents/Sushant/sf/source/StylFlip/Resources/android/images/footer/stylefeed-active.png => /Users/Sushant/Documents/Sushant/sf/source/StylFlip/build/android/bin/assets/Resources/images/footer/stylefeed-active.png
[TRACE] COPYING CREATED FILE: /Users/Sushant/Documents/Sushant/sf/source/StylFlip/Resources/android/images/footer/stylefeed.png => /Users/Sushant/Documents/Sushant/sf/source/StylFlip/build/android/bin/assets/Resources/images/footer/stylefeed.png
[TRACE] COPYING CREATED FILE: /Users/Sushant/Documents/Sushant/sf/source/StylFlip/Resources/android/images/footer/stylefile-active.png => /Users/Sushant/Documents/Sushant/sf/source/StylFlip/build/android/bin/assets/Resources/images/footer/stylefile-active.png
[TRACE] COPYING CREATED FILE: /Users/Sushant/Documents/Sushant/sf/source/StylFlip/Resources/android/images/footer/stylefile.png => /Users/Sushant/Documents/Sushant/sf/source/StylFlip/build/android/bin/assets/Resources/images/footer/stylefile.png
[TRACE] COPYING CREATED FILE: /Users/Sushant/Documents/Sushant/sf/source/StylFlip/Resources/android/images/header/back.png => /Users/Sushant/Documents/Sushant/sf/source/StylFlip/build/android/bin/assets/Resources/images/header/back.png
[TRACE] COPYING CREATED FILE: /Users/Sushant/Documents/Sushant/sf/source/StylFlip/Resources/android/images/header/filter-active.png => /Users/Sushant/Documents/Sushant/sf/source/StylFlip/build/android/bin/assets/Resources/images/header/filter-active.png
[TRACE] COPYING CREATED FILE: /Users/Sushant/Documents/Sushant/sf/source/StylFlip/Resources/android/images/header/filter.png => /Users/Sushant/Documents/Sushant/sf/source/StylFlip/build/android/bin/assets/Resources/images/header/filter.png
[TRACE] COPYING CREATED FILE: /Users/Sushant/Documents/Sushant/sf/source/StylFlip/Resources/android/images/header/header-logo.png => /Users/Sushant/Documents/Sushant/sf/source/StylFlip/build/android/bin/assets/Resources/images/header/header-logo.png
[TRACE] COPYING CREATED FILE: /Users/Sushant/Documents/Sushant/sf/source/StylFlip/Resources/android/images/header/header-title.png => /Users/Sushant/Documents/Sushant/sf/source/StylFlip/build/android/bin/assets/Resources/images/header/header-title.png
[TRACE] COPYING CREATED FILE: /Users/Sushant/Documents/Sushant/sf/source/StylFlip/Resources/android/images/header/menu.png => /Users/Sushant/Documents/Sushant/sf/source/StylFlip/build/android/bin/assets/Resources/images/header/menu.png
[TRACE] COPYING CREATED FILE: /Users/Sushant/Documents/Sushant/sf/source/StylFlip/Resources/android/images/header/search-mini.png => /Users/Sushant/Documents/Sushant/sf/source/StylFlip/build/android/bin/assets/Resources/images/header/search-mini.png
[TRACE] COPYING CREATED FILE: /Users/Sushant/Documents/Sushant/sf/source/StylFlip/Resources/android/images/header/search.png => /Users/Sushant/Documents/Sushant/sf/source/StylFlip/build/android/bin/assets/Resources/images/header/search.png
[TRACE] COPYING CREATED FILE: /Users/Sushant/Documents/Sushant/sf/source/StylFlip/Resources/android/images/leftMenu/donate.png => /Users/Sushant/Documents/Sushant/sf/source/StylFlip/build/android/bin/assets/Resources/images/leftMenu/donate.png
[TRACE] COPYING CREATED FILE: /Users/Sushant/Documents/Sushant/sf/source/StylFlip/Resources/android/images/leftMenu/invite-friends.png => /Users/Sushant/Documents/Sushant/sf/source/StylFlip/build/android/bin/assets/Resources/images/leftMenu/invite-friends.png
[TRACE] COPYING CREATED FILE: /Users/Sushant/Documents/Sushant/sf/source/StylFlip/Resources/android/images/leftMenu/my-wardrobe.png => /Users/Sushant/Documents/Sushant/sf/source/StylFlip/build/android/bin/assets/Resources/images/leftMenu/my-wardrobe.png
[TRACE] COPYING CREATED FILE: /Users/Sushant/Documents/Sushant/sf/source/StylFlip/Resources/android/images/leftMenu/settings.png => /Users/Sushant/Documents/Sushant/sf/source/StylFlip/build/android/bin/assets/Resources/images/leftMenu/settings.png
[TRACE] COPYING CREATED FILE: /Users/Sushant/Documents/Sushant/sf/source/StylFlip/Resources/android/images/leftMenu/styl-assist.png => /Users/Sushant/Documents/Sushant/sf/source/StylFlip/build/android/bin/assets/Resources/images/leftMenu/styl-assist.png
[TRACE] COPYING CREATED FILE: /Users/Sushant/Documents/Sushant/sf/source/StylFlip/Resources/android/images/leftMenu/styl-buck.png => /Users/Sushant/Documents/Sushant/sf/source/StylFlip/build/android/bin/assets/Resources/images/leftMenu/styl-buck.png
[TRACE] COPYING CREATED FILE: /Users/Sushant/Documents/Sushant/sf/source/StylFlip/Resources/android/images/leftMenu/styl-profile.png => /Users/Sushant/Documents/Sushant/sf/source/StylFlip/build/android/bin/assets/Resources/images/leftMenu/styl-profile.png
[TRACE] COPYING CREATED FILE: /Users/Sushant/Documents/Sushant/sf/source/StylFlip/Resources/android/images/login/fb.png => /Users/Sushant/Documents/Sushant/sf/source/StylFlip/build/android/bin/assets/Resources/images/login/fb.png
[TRACE] COPYING CREATED FILE: /Users/Sushant/Documents/Sushant/sf/source/StylFlip/Resources/android/images/login/form-password.png => /Users/Sushant/Documents/Sushant/sf/source/StylFlip/build/android/bin/assets/Resources/images/login/form-password.png
[TRACE] COPYING CREATED FILE: /Users/Sushant/Documents/Sushant/sf/source/StylFlip/Resources/android/images/login/form-show-password.png => /Users/Sushant/Documents/Sushant/sf/source/StylFlip/build/android/bin/assets/Resources/images/login/form-show-password.png
[TRACE] COPYING CREATED FILE: /Users/Sushant/Documents/Sushant/sf/source/StylFlip/Resources/android/images/login/form-username.png => /Users/Sushant/Documents/Sushant/sf/source/StylFlip/build/android/bin/assets/Resources/images/login/form-username.png
[TRACE] COPYING CREATED FILE: /Users/Sushant/Documents/Sushant/sf/source/StylFlip/Resources/android/images/login/google-plus.png => /Users/Sushant/Documents/Sushant/sf/source/StylFlip/build/android/bin/assets/Resources/images/login/google-plus.png
[TRACE] COPYING CREATED FILE: /Users/Sushant/Documents/Sushant/sf/source/StylFlip/Resources/android/images/login/logo.png => /Users/Sushant/Documents/Sushant/sf/source/StylFlip/build/android/bin/assets/Resources/images/login/logo.png
[TRACE] COPYING CREATED FILE: /Users/Sushant/Documents/Sushant/sf/source/StylFlip/Resources/android/images/login/twitter.png => /Users/Sushant/Documents/Sushant/sf/source/StylFlip/build/android/bin/assets/Resources/images/login/twitter.png
[TRACE] COPYING CREATED FILE: /Users/Sushant/Documents/Sushant/sf/source/StylFlip/Resources/android/images/sell/add-image.png => /Users/Sushant/Documents/Sushant/sf/source/StylFlip/build/android/bin/assets/Resources/images/sell/add-image.png
[TRACE] COPYING CREATED FILE: /Users/Sushant/Documents/Sushant/sf/source/StylFlip/Resources/android/images/sell/camera-click.png => /Users/Sushant/Documents/Sushant/sf/source/StylFlip/build/android/bin/assets/Resources/images/sell/camera-click.png
[TRACE] COPYING CREATED FILE: /Users/Sushant/Documents/Sushant/sf/source/StylFlip/Resources/android/images/sell/camera-gallery.png => /Users/Sushant/Documents/Sushant/sf/source/StylFlip/build/android/bin/assets/Resources/images/sell/camera-gallery.png
[TRACE] COPYING CREATED FILE: /Users/Sushant/Documents/Sushant/sf/source/StylFlip/Resources/android/images/sell/camera-switch.png => /Users/Sushant/Documents/Sushant/sf/source/StylFlip/build/android/bin/assets/Resources/images/sell/camera-switch.png
[TRACE] COPYING CREATED FILE: /Users/Sushant/Documents/Sushant/sf/source/StylFlip/Resources/android/images/shop/grid-active.png => /Users/Sushant/Documents/Sushant/sf/source/StylFlip/build/android/bin/assets/Resources/images/shop/grid-active.png
[TRACE] COPYING CREATED FILE: /Users/Sushant/Documents/Sushant/sf/source/StylFlip/Resources/android/images/shop/grid.png => /Users/Sushant/Documents/Sushant/sf/source/StylFlip/build/android/bin/assets/Resources/images/shop/grid.png
[TRACE] COPYING CREATED FILE: /Users/Sushant/Documents/Sushant/sf/source/StylFlip/Resources/android/images/shop/list-active.png => /Users/Sushant/Documents/Sushant/sf/source/StylFlip/build/android/bin/assets/Resources/images/shop/list-active.png
[TRACE] COPYING CREATED FILE: /Users/Sushant/Documents/Sushant/sf/source/StylFlip/Resources/android/images/shop/list.png => /Users/Sushant/Documents/Sushant/sf/source/StylFlip/build/android/bin/assets/Resources/images/shop/list.png
[TRACE] COPYING CREATED FILE: /Users/Sushant/Documents/Sushant/sf/source/StylFlip/Resources/app.js => /Users/Sushant/Documents/Sushant/sf/source/StylFlip/build/android/bin/assets/Resources/app.js
[TRACE] COPYING CREATED FILE: /Users/Sushant/Documents/Sushant/sf/source/StylFlip/Resources/components/buttonBar.js => /Users/Sushant/Documents/Sushant/sf/source/StylFlip/build/android/bin/assets/Resources/components/buttonBar.js
[TRACE] COPYING CREATED FILE: /Users/Sushant/Documents/Sushant/sf/source/StylFlip/Resources/components/buttonLinksView.js => /Users/Sushant/Documents/Sushant/sf/source/StylFlip/build/android/bin/assets/Resources/components/buttonLinksView.js
[TRACE] COPYING CREATED FILE: /Users/Sushant/Documents/Sushant/sf/source/StylFlip/Resources/components/footer.js => /Users/Sushant/Documents/Sushant/sf/source/StylFlip/build/android/bin/assets/Resources/components/footer.js
[TRACE] COPYING CREATED FILE: /Users/Sushant/Documents/Sushant/sf/source/StylFlip/Resources/components/gridView.js => /Users/Sushant/Documents/Sushant/sf/source/StylFlip/build/android/bin/assets/Resources/components/gridView.js
[TRACE] COPYING CREATED FILE: /Users/Sushant/Documents/Sushant/sf/source/StylFlip/Resources/components/header.js => /Users/Sushant/Documents/Sushant/sf/source/StylFlip/build/android/bin/assets/Resources/components/header.js
[TRACE] COPYING CREATED FILE: /Users/Sushant/Documents/Sushant/sf/source/StylFlip/Resources/components/lazyLoad.js => /Users/Sushant/Documents/Sushant/sf/source/StylFlip/build/android/bin/assets/Resources/components/lazyLoad.js
[TRACE] COPYING CREATED FILE: /Users/Sushant/Documents/Sushant/sf/source/StylFlip/Resources/components/leftMenu.js => /Users/Sushant/Documents/Sushant/sf/source/StylFlip/build/android/bin/assets/Resources/components/leftMenu.js
[TRACE] COPYING CREATED FILE: /Users/Sushant/Documents/Sushant/sf/source/StylFlip/Resources/components/listView-bk.js => /Users/Sushant/Documents/Sushant/sf/source/StylFlip/build/android/bin/assets/Resources/components/listView-bk.js
[TRACE] COPYING CREATED FILE: /Users/Sushant/Documents/Sushant/sf/source/StylFlip/Resources/components/listView.js => /Users/Sushant/Documents/Sushant/sf/source/StylFlip/build/android/bin/assets/Resources/components/listView.js
[TRACE] COPYING CREATED FILE: /Users/Sushant/Documents/Sushant/sf/source/StylFlip/Resources/components/scrollingImagesView.js => /Users/Sushant/Documents/Sushant/sf/source/StylFlip/build/android/bin/assets/Resources/components/scrollingImagesView.js
[TRACE] COPYING CREATED FILE: /Users/Sushant/Documents/Sushant/sf/source/StylFlip/Resources/components/searchBar.js => /Users/Sushant/Documents/Sushant/sf/source/StylFlip/build/android/bin/assets/Resources/components/searchBar.js
[TRACE] COPYING CREATED FILE: /Users/Sushant/Documents/Sushant/sf/source/StylFlip/Resources/components/styles/buttonBar.js => /Users/Sushant/Documents/Sushant/sf/source/StylFlip/build/android/bin/assets/Resources/components/styles/buttonBar.js
[TRACE] COPYING CREATED FILE: /Users/Sushant/Documents/Sushant/sf/source/StylFlip/Resources/components/styles/footer.js => /Users/Sushant/Documents/Sushant/sf/source/StylFlip/build/android/bin/assets/Resources/components/styles/footer.js
[TRACE] COPYING CREATED FILE: /Users/Sushant/Documents/Sushant/sf/source/StylFlip/Resources/components/styles/gridView.js => /Users/Sushant/Documents/Sushant/sf/source/StylFlip/build/android/bin/assets/Resources/components/styles/gridView.js
[TRACE] COPYING CREATED FILE: /Users/Sushant/Documents/Sushant/sf/source/StylFlip/Resources/components/styles/header.js => /Users/Sushant/Documents/Sushant/sf/source/StylFlip/build/android/bin/assets/Resources/components/styles/header.js
[TRACE] COPYING CREATED FILE: /Users/Sushant/Documents/Sushant/sf/source/StylFlip/Resources/components/styles/leftMenu.js => /Users/Sushant/Documents/Sushant/sf/source/StylFlip/build/android/bin/assets/Resources/components/styles/leftMenu.js
[TRACE] COPYING CREATED FILE: /Users/Sushant/Documents/Sushant/sf/source/StylFlip/Resources/components/styles/listView.js => /Users/Sushant/Documents/Sushant/sf/source/StylFlip/build/android/bin/assets/Resources/components/styles/listView.js
[TRACE] COPYING CREATED FILE: /Users/Sushant/Documents/Sushant/sf/source/StylFlip/Resources/components/styles/scrollingImagesView.js => /Users/Sushant/Documents/Sushant/sf/source/StylFlip/build/android/bin/assets/Resources/components/styles/scrollingImagesView.js
[TRACE] COPYING CREATED FILE: /Users/Sushant/Documents/Sushant/sf/source/StylFlip/Resources/components/styles/searchBar.js => /Users/Sushant/Documents/Sushant/sf/source/StylFlip/build/android/bin/assets/Resources/components/styles/searchBar.js
[TRACE] COPYING CREATED FILE: /Users/Sushant/Documents/Sushant/sf/source/StylFlip/Resources/constants.js => /Users/Sushant/Documents/Sushant/sf/source/StylFlip/build/android/bin/assets/Resources/constants.js
[TRACE] COPYING CREATED FILE: /Users/Sushant/Documents/Sushant/sf/source/StylFlip/Resources/fonts/abeatbyKai.otf => /Users/Sushant/Documents/Sushant/sf/source/StylFlip/build/android/bin/assets/Resources/fonts/abeatbyKai.otf
[TRACE] COPYING CREATED FILE: /Users/Sushant/Documents/Sushant/sf/source/StylFlip/Resources/fonts/Roboto-Bold.ttf => /Users/Sushant/Documents/Sushant/sf/source/StylFlip/build/android/bin/assets/Resources/fonts/Roboto-Bold.ttf
[TRACE] COPYING CREATED FILE: /Users/Sushant/Documents/Sushant/sf/source/StylFlip/Resources/fonts/Roboto.ttf => /Users/Sushant/Documents/Sushant/sf/source/StylFlip/build/android/bin/assets/Resources/fonts/Roboto.ttf
[TRACE] COPYING CREATED FILE: /Users/Sushant/Documents/Sushant/sf/source/StylFlip/Resources/images/close.png => /Users/Sushant/Documents/Sushant/sf/source/StylFlip/build/android/bin/assets/Resources/images/close.png
[TRACE] COPYING CREATED FILE: /Users/Sushant/Documents/Sushant/sf/source/StylFlip/Resources/images/imgAboutus@2x~iphone.png => /Users/Sushant/Documents/Sushant/sf/source/StylFlip/build/android/bin/assets/Resources/images/imgAboutus@2x~iphone.png
[TRACE] COPYING CREATED FILE: /Users/Sushant/Documents/Sushant/sf/source/StylFlip/Resources/images/sample-product.png => /Users/Sushant/Documents/Sushant/sf/source/StylFlip/build/android/bin/assets/Resources/images/sample-product.png
[TRACE] COPYING CREATED FILE: /Users/Sushant/Documents/Sushant/sf/source/StylFlip/Resources/libs/googleAuth.js => /Users/Sushant/Documents/Sushant/sf/source/StylFlip/build/android/bin/assets/Resources/libs/googleAuth.js
[TRACE] COPYING CREATED FILE: /Users/Sushant/Documents/Sushant/sf/source/StylFlip/Resources/libs/jsOAuth-1.3.3.js => /Users/Sushant/Documents/Sushant/sf/source/StylFlip/build/android/bin/assets/Resources/libs/jsOAuth-1.3.3.js
[TRACE] COPYING CREATED FILE: /Users/Sushant/Documents/Sushant/sf/source/StylFlip/Resources/libs/UnderscoreUtils.js => /Users/Sushant/Documents/Sushant/sf/source/StylFlip/build/android/bin/assets/Resources/libs/UnderscoreUtils.js
[TRACE] COPYING CREATED FILE: /Users/Sushant/Documents/Sushant/sf/source/StylFlip/Resources/modules/animation.js => /Users/Sushant/Documents/Sushant/sf/source/StylFlip/build/android/bin/assets/Resources/modules/animation.js
[TRACE] COPYING CREATED FILE: /Users/Sushant/Documents/Sushant/sf/source/StylFlip/Resources/modules/Copy of loader.js => /Users/Sushant/Documents/Sushant/sf/source/StylFlip/build/android/bin/assets/Resources/modules/Copy of loader.js
[TRACE] COPYING CREATED FILE: /Users/Sushant/Documents/Sushant/sf/source/StylFlip/Resources/modules/http.js => /Users/Sushant/Documents/Sushant/sf/source/StylFlip/build/android/bin/assets/Resources/modules/http.js
[TRACE] COPYING CREATED FILE: /Users/Sushant/Documents/Sushant/sf/source/StylFlip/Resources/modules/imageEditor.js => /Users/Sushant/Documents/Sushant/sf/source/StylFlip/build/android/bin/assets/Resources/modules/imageEditor.js
[TRACE] COPYING CREATED FILE: /Users/Sushant/Documents/Sushant/sf/source/StylFlip/Resources/modules/loader.js => /Users/Sushant/Documents/Sushant/sf/source/StylFlip/build/android/bin/assets/Resources/modules/loader.js
[TRACE] COPYING CREATED FILE: /Users/Sushant/Documents/Sushant/sf/source/StylFlip/Resources/modules/social.js => /Users/Sushant/Documents/Sushant/sf/source/StylFlip/build/android/bin/assets/Resources/modules/social.js
[TRACE] COPYING CREATED FILE: /Users/Sushant/Documents/Sushant/sf/source/StylFlip/Resources/modules/ui.js => /Users/Sushant/Documents/Sushant/sf/source/StylFlip/build/android/bin/assets/Resources/modules/ui.js
[TRACE] COPYING CREATED FILE: /Users/Sushant/Documents/Sushant/sf/source/StylFlip/Resources/modules/ui_overlay-window.js => /Users/Sushant/Documents/Sushant/sf/source/StylFlip/build/android/bin/assets/Resources/modules/ui_overlay-window.js
[TRACE] COPYING CREATED FILE: /Users/Sushant/Documents/Sushant/sf/source/StylFlip/Resources/modules/utils.js => /Users/Sushant/Documents/Sushant/sf/source/StylFlip/build/android/bin/assets/Resources/modules/utils.js
[TRACE] COPYING CREATED FILE: /Users/Sushant/Documents/Sushant/sf/source/StylFlip/Resources/modules/window.js => /Users/Sushant/Documents/Sushant/sf/source/StylFlip/build/android/bin/assets/Resources/modules/window.js
[TRACE] COPYING CREATED FILE: /Users/Sushant/Documents/Sushant/sf/source/StylFlip/Resources/screens/brands.js => /Users/Sushant/Documents/Sushant/sf/source/StylFlip/build/android/bin/assets/Resources/screens/brands.js
[TRACE] COPYING CREATED FILE: /Users/Sushant/Documents/Sushant/sf/source/StylFlip/Resources/screens/comments.js => /Users/Sushant/Documents/Sushant/sf/source/StylFlip/build/android/bin/assets/Resources/screens/comments.js
[TRACE] COPYING CREATED FILE: /Users/Sushant/Documents/Sushant/sf/source/StylFlip/Resources/screens/Copy of sell.js => /Users/Sushant/Documents/Sushant/sf/source/StylFlip/build/android/bin/assets/Resources/screens/Copy of sell.js
[TRACE] COPYING CREATED FILE: /Users/Sushant/Documents/Sushant/sf/source/StylFlip/Resources/screens/Copy of sellDetails.js => /Users/Sushant/Documents/Sushant/sf/source/StylFlip/build/android/bin/assets/Resources/screens/Copy of sellDetails.js
[TRACE] COPYING CREATED FILE: /Users/Sushant/Documents/Sushant/sf/source/StylFlip/Resources/screens/Copy of social.js => /Users/Sushant/Documents/Sushant/sf/source/StylFlip/build/android/bin/assets/Resources/screens/Copy of social.js
[TRACE] COPYING CREATED FILE: /Users/Sushant/Documents/Sushant/sf/source/StylFlip/Resources/screens/dashboard.js => /Users/Sushant/Documents/Sushant/sf/source/StylFlip/build/android/bin/assets/Resources/screens/dashboard.js
[TRACE] COPYING CREATED FILE: /Users/Sushant/Documents/Sushant/sf/source/StylFlip/Resources/screens/datePicker.js => /Users/Sushant/Documents/Sushant/sf/source/StylFlip/build/android/bin/assets/Resources/screens/datePicker.js
[TRACE] COPYING CREATED FILE: /Users/Sushant/Documents/Sushant/sf/source/StylFlip/Resources/screens/editProfile.js => /Users/Sushant/Documents/Sushant/sf/source/StylFlip/build/android/bin/assets/Resources/screens/editProfile.js
[TRACE] COPYING CREATED FILE: /Users/Sushant/Documents/Sushant/sf/source/StylFlip/Resources/screens/header.js => /Users/Sushant/Documents/Sushant/sf/source/StylFlip/build/android/bin/assets/Resources/screens/header.js
[TRACE] COPYING CREATED FILE: /Users/Sushant/Documents/Sushant/sf/source/StylFlip/Resources/screens/login.js => /Users/Sushant/Documents/Sushant/sf/source/StylFlip/build/android/bin/assets/Resources/screens/login.js
[TRACE] COPYING CREATED FILE: /Users/Sushant/Documents/Sushant/sf/source/StylFlip/Resources/screens/pickSize.js => /Users/Sushant/Documents/Sushant/sf/source/StylFlip/build/android/bin/assets/Resources/screens/pickSize.js
[TRACE] COPYING CREATED FILE: /Users/Sushant/Documents/Sushant/sf/source/StylFlip/Resources/screens/productDetails.js => /Users/Sushant/Documents/Sushant/sf/source/StylFlip/build/android/bin/assets/Resources/screens/productDetails.js
[TRACE] COPYING CREATED FILE: /Users/Sushant/Documents/Sushant/sf/source/StylFlip/Resources/screens/sell.js => /Users/Sushant/Documents/Sushant/sf/source/StylFlip/build/android/bin/assets/Resources/screens/sell.js
[TRACE] COPYING CREATED FILE: /Users/Sushant/Documents/Sushant/sf/source/StylFlip/Resources/screens/sellDetails.js => /Users/Sushant/Documents/Sushant/sf/source/StylFlip/build/android/bin/assets/Resources/screens/sellDetails.js
[TRACE] COPYING CREATED FILE: /Users/Sushant/Documents/Sushant/sf/source/StylFlip/Resources/screens/shop.js => /Users/Sushant/Documents/Sushant/sf/source/StylFlip/build/android/bin/assets/Resources/screens/shop.js
[TRACE] COPYING CREATED FILE: /Users/Sushant/Documents/Sushant/sf/source/StylFlip/Resources/screens/signUp.js => /Users/Sushant/Documents/Sushant/sf/source/StylFlip/build/android/bin/assets/Resources/screens/signUp.js
[TRACE] COPYING CREATED FILE: /Users/Sushant/Documents/Sushant/sf/source/StylFlip/Resources/screens/social.js => /Users/Sushant/Documents/Sushant/sf/source/StylFlip/build/android/bin/assets/Resources/screens/social.js
[TRACE] COPYING CREATED FILE: /Users/Sushant/Documents/Sushant/sf/source/StylFlip/Resources/screens/stylefeed.js => /Users/Sushant/Documents/Sushant/sf/source/StylFlip/build/android/bin/assets/Resources/screens/stylefeed.js
[TRACE] COPYING CREATED FILE: /Users/Sushant/Documents/Sushant/sf/source/StylFlip/Resources/screens/stylefile.js => /Users/Sushant/Documents/Sushant/sf/source/StylFlip/build/android/bin/assets/Resources/screens/stylefile.js
[TRACE] COPYING CREATED FILE: /Users/Sushant/Documents/Sushant/sf/source/StylFlip/Resources/screens/stylProfile.js => /Users/Sushant/Documents/Sushant/sf/source/StylFlip/build/android/bin/assets/Resources/screens/stylProfile.js
[TRACE] COPYING CREATED FILE: /Users/Sushant/Documents/Sushant/sf/source/StylFlip/Resources/screens/userFollows.js => /Users/Sushant/Documents/Sushant/sf/source/StylFlip/build/android/bin/assets/Resources/screens/userFollows.js
[TRACE] COPYING CREATED FILE: /Users/Sushant/Documents/Sushant/sf/source/StylFlip/Resources/styles/brands.js => /Users/Sushant/Documents/Sushant/sf/source/StylFlip/build/android/bin/assets/Resources/styles/brands.js
[TRACE] COPYING CREATED FILE: /Users/Sushant/Documents/Sushant/sf/source/StylFlip/Resources/styles/common.js => /Users/Sushant/Documents/Sushant/sf/source/StylFlip/build/android/bin/assets/Resources/styles/common.js
[TRACE] COPYING CREATED FILE: /Users/Sushant/Documents/Sushant/sf/source/StylFlip/Resources/styles/dashboard.js => /Users/Sushant/Documents/Sushant/sf/source/StylFlip/build/android/bin/assets/Resources/styles/dashboard.js
[TRACE] COPYING CREATED FILE: /Users/Sushant/Documents/Sushant/sf/source/StylFlip/Resources/styles/login.js => /Users/Sushant/Documents/Sushant/sf/source/StylFlip/build/android/bin/assets/Resources/styles/login.js
[TRACE] COPYING CREATED FILE: /Users/Sushant/Documents/Sushant/sf/source/StylFlip/Resources/styles/productDetails.js => /Users/Sushant/Documents/Sushant/sf/source/StylFlip/build/android/bin/assets/Resources/styles/productDetails.js
[TRACE] COPYING CREATED FILE: /Users/Sushant/Documents/Sushant/sf/source/StylFlip/Resources/styles/sell.js => /Users/Sushant/Documents/Sushant/sf/source/StylFlip/build/android/bin/assets/Resources/styles/sell.js
[TRACE] COPYING CREATED FILE: /Users/Sushant/Documents/Sushant/sf/source/StylFlip/Resources/styles/shop.js => /Users/Sushant/Documents/Sushant/sf/source/StylFlip/build/android/bin/assets/Resources/styles/shop.js
[TRACE] COPYING CREATED FILE: /Users/Sushant/Documents/Sushant/sf/source/StylFlip/Resources/styles/social.js => /Users/Sushant/Documents/Sushant/sf/source/StylFlip/build/android/bin/assets/Resources/styles/social.js
[TRACE] COPYING CREATED FILE: /Users/Sushant/Documents/Sushant/sf/source/StylFlip/Resources/styles/stylefeed.js => /Users/Sushant/Documents/Sushant/sf/source/StylFlip/build/android/bin/assets/Resources/styles/stylefeed.js
[TRACE] COPYING CREATED FILE: /Users/Sushant/Documents/Sushant/sf/source/StylFlip/Resources/styles/stylefile.js => /Users/Sushant/Documents/Sushant/sf/source/StylFlip/build/android/bin/assets/Resources/styles/stylefile.js
[TRACE] COPYING CREATED FILE: /Users/Sushant/Documents/Sushant/sf/source/StylFlip/Resources/styles/stylProfile.js => /Users/Sushant/Documents/Sushant/sf/source/StylFlip/build/android/bin/assets/Resources/styles/stylProfile.js
[DEBUG] LiveView not enabled
[TRACE] Generating Java Classes
[DEBUG] Processing Android resource drawables
[INFO] Copying platform-specific files for 'Facebook' module
[DEBUG] found special platform files dir = /Users/Sushant/Documents/Sushant/sf/source/StylFlip/platform/android
[INFO] Copying platform-specific files ...
[DEBUG] app stylesheet => /Users/Sushant/Documents/Sushant/sf/source/StylFlip/build/android/gen/com/oabtesting/StylFlip/ApplicationStylesheet.java
[DEBUG] copying app icon: /Users/Sushant/Documents/Sushant/sf/source/StylFlip/build/android/bin/assets/Resources/appicon.png
[DEBUG] generating theme.xml
[DEBUG] found splash screen at /Users/Sushant/Documents/Sushant/sf/source/StylFlip/build/android/bin/assets/Resources/default.png
[TRACE] Writing out AndroidManifest.xml
[ERROR] Error generating R.java from manifest
